<?xml version="1.0" encoding="UTF-8"?>
<!-- Generated by org.testng.reporters.JUnitReportReporter -->
<testsuite hostname="R9106LJ6" failures="0" tests="3" name="org.restcalls.DynamicJson" time="8.317" errors="0" timestamp="20 Apr 2023 17:12:18 GMT" skipped="0">
  <testcase classname="org.restcalls.DynamicJson" name="addBook" time="0.727"/>
  <testcase classname="org.restcalls.DynamicJson" name="addBook" time="6.916"/>
  <testcase classname="org.restcalls.DynamicJson" name="addBook" time="0.674"/>
</testsuite> <!-- org.restcalls.DynamicJson -->
