<?xml version="1.0" encoding="UTF-8"?>
<!-- Generated by org.testng.reporters.JUnitReportReporter -->
<testsuite hostname="R9106LJ6" failures="0" tests="1" name="org.restcalls.RestTest" time="13.640" errors="0" timestamp="20 Apr 2023 17:14:21 GMT" skipped="0">
  <testcase classname="org.restcalls.RestTest" name="basic_end_to_end" time="13.640"/>
</testsuite> <!-- org.restcalls.RestTest -->
