<?xml version="1.0" encoding="UTF-8"?>
<!-- Generated by org.testng.reporters.JUnitReportReporter -->
<testsuite hostname="R9106LJ6" failures="0" tests="1" name="org.restcalls.ComplexJsonParse" time="0.983" errors="0" timestamp="20 Apr 2023 17:12:18 GMT" skipped="0">
  <testcase classname="org.restcalls.ComplexJsonParse" name="parse_complex_json" time="0.983"/>
</testsuite> <!-- org.restcalls.ComplexJsonParse -->
